0 info it worked if it ends with ok
1 verbose cli [ '/usr/local/Cellar/node/6.5.0/bin/node',
1 verbose cli   '/usr/local/bin/npm',
1 verbose cli   'publish' ]
2 info using npm@3.10.3
3 info using node@v6.5.0
4 verbose publish [ '.' ]
5 silly cache add args [ '.', null ]
6 verbose cache add spec .
7 silly cache add parsed spec Result {
7 silly cache add   raw: '.',
7 silly cache add   scope: null,
7 silly cache add   escapedName: null,
7 silly cache add   name: null,
7 silly cache add   rawSpec: '.',
7 silly cache add   spec: '/Users/benhurott/Documents/dev/react-native-text-mask',
7 silly cache add   type: 'directory' }
8 verbose addLocalDirectory /Users/benhurott/.npm/react-native-text-mask/0.1.0/package.tgz not in flight; packing
9 verbose correctMkdir /Users/benhurott/.npm correctMkdir not in flight; initializing
10 info lifecycle react-native-text-mask@0.1.0~prepublish: react-native-text-mask@0.1.0
11 silly lifecycle react-native-text-mask@0.1.0~prepublish: no script for prepublish, continuing
12 verbose tar pack [ '/Users/benhurott/.npm/react-native-text-mask/0.1.0/package.tgz',
12 verbose tar pack   '/Users/benhurott/Documents/dev/react-native-text-mask' ]
13 verbose tarball /Users/benhurott/.npm/react-native-text-mask/0.1.0/package.tgz
14 verbose folder /Users/benhurott/Documents/dev/react-native-text-mask
15 verbose addLocalTarball adding from inside cache /Users/benhurott/.npm/react-native-text-mask/0.1.0/package.tgz
16 verbose correctMkdir /Users/benhurott/.npm correctMkdir not in flight; initializing
17 silly cache afterAdd react-native-text-mask@0.1.0
18 verbose afterAdd /Users/benhurott/.npm/react-native-text-mask/0.1.0/package/package.json not in flight; writing
19 verbose correctMkdir /Users/benhurott/.npm correctMkdir not in flight; initializing
20 verbose afterAdd /Users/benhurott/.npm/react-native-text-mask/0.1.0/package/package.json written
21 silly publish { name: 'react-native-text-mask',
21 silly publish   version: '0.1.0',
21 silly publish   description: 'Text and TextInput with mask for React Native applications',
21 silly publish   main: 'index.js',
21 silly publish   scripts: { test: 'echo "Error: no test specified" && exit 1' },
21 silly publish   repository:
21 silly publish    { type: 'git',
21 silly publish      url: 'git+https://github.com/benhurott/react-native-text-mask.git' },
21 silly publish   keywords: [ 'mask', 'text', 'textinput', 'react-native' ],
21 silly publish   author: { name: 'Ben-hur Santos Ott' },
21 silly publish   license: 'ISC',
21 silly publish   bugs: { url: 'https://github.com/benhurott/react-native-text-mask/issues' },
21 silly publish   homepage: 'https://github.com/benhurott/react-native-text-mask#readme',
21 silly publish   dependencies: { 'vanilla-masker': '^1.0.9' },
21 silly publish   peerDependencies: { react: '15.3.2', 'react-native': '0.34.1' },
21 silly publish   readme: '# react-native-text-mask',
21 silly publish   readmeFilename: 'README.md',
21 silly publish   gitHead: '2a5464b4721a57ec407d1e8592a68f06185a4aa0',
21 silly publish   _id: 'react-native-text-mask@0.1.0',
21 silly publish   _shasum: 'cb8d68172f9be86f5aa529a0e43a3a0806ea680d',
21 silly publish   _from: '.' }
22 verbose getPublishConfig undefined
23 silly mapToRegistry name react-native-text-mask
24 silly mapToRegistry using default registry
25 silly mapToRegistry registry https://registry.npmjs.org/
26 silly mapToRegistry data Result {
26 silly mapToRegistry   raw: 'react-native-text-mask',
26 silly mapToRegistry   scope: null,
26 silly mapToRegistry   escapedName: 'react-native-text-mask',
26 silly mapToRegistry   name: 'react-native-text-mask',
26 silly mapToRegistry   rawSpec: '',
26 silly mapToRegistry   spec: 'latest',
26 silly mapToRegistry   type: 'tag' }
27 silly mapToRegistry uri https://registry.npmjs.org/react-native-text-mask
28 verbose publish registryBase https://registry.npmjs.org/
29 silly publish uploading /Users/benhurott/.npm/react-native-text-mask/0.1.0/package.tgz
30 verbose request uri https://registry.npmjs.org/react-native-text-mask
31 verbose request sending authorization for write operation
32 info attempt registry request try #1 at 2:01:00 PM
33 verbose request using bearer token for auth
34 verbose request id cf43a26632555b8d
35 http request PUT https://registry.npmjs.org/react-native-text-mask
36 http 403 https://registry.npmjs.org/react-native-text-mask
37 verbose headers { 'content-type': 'application/json',
37 verbose headers   'cache-control': 'max-age=300',
37 verbose headers   'content-length': '116',
37 verbose headers   'accept-ranges': 'bytes',
37 verbose headers   date: 'Tue, 04 Oct 2016 17:01:06 GMT',
37 verbose headers   via: '1.1 varnish',
37 verbose headers   connection: 'keep-alive',
37 verbose headers   'x-served-by': 'cache-iad2647-IAD',
37 verbose headers   'x-cache': 'MISS',
37 verbose headers   'x-cache-hits': '0',
37 verbose headers   'x-timer': 'S1475600461.649476,VS0,VE4563',
37 verbose headers   vary: 'Accept-Encoding' }
38 verbose request invalidating /Users/benhurott/.npm/registry.npmjs.org/react-native-text-mask on PUT
39 error publish Failed PUT 403
40 verbose stack Error: you do not have permission to publish "react-native-text-mask". Are you logged in as the correct user? : react-native-text-mask
40 verbose stack     at makeError (/usr/local/lib/node_modules/npm/node_modules/npm-registry-client/lib/request.js:264:12)
40 verbose stack     at CachingRegistryClient.<anonymous> (/usr/local/lib/node_modules/npm/node_modules/npm-registry-client/lib/request.js:252:14)
40 verbose stack     at Request._callback (/usr/local/lib/node_modules/npm/node_modules/npm-registry-client/lib/request.js:172:14)
40 verbose stack     at Request.self.callback (/usr/local/lib/node_modules/npm/node_modules/request/request.js:200:22)
40 verbose stack     at emitTwo (events.js:106:13)
40 verbose stack     at Request.emit (events.js:191:7)
40 verbose stack     at Request.<anonymous> (/usr/local/lib/node_modules/npm/node_modules/request/request.js:1067:10)
40 verbose stack     at emitOne (events.js:101:20)
40 verbose stack     at Request.emit (events.js:188:7)
40 verbose stack     at IncomingMessage.<anonymous> (/usr/local/lib/node_modules/npm/node_modules/request/request.js:988:12)
41 verbose statusCode 403
42 verbose pkgid react-native-text-mask
43 verbose cwd /Users/benhurott/Documents/dev/react-native-text-mask
44 error Darwin 15.6.0
45 error argv "/usr/local/Cellar/node/6.5.0/bin/node" "/usr/local/bin/npm" "publish"
46 error node v6.5.0
47 error npm  v3.10.3
48 error code E403
49 error you do not have permission to publish "react-native-text-mask". Are you logged in as the correct user? : react-native-text-mask
50 error If you need help, you may report this error at:
50 error     <https://github.com/npm/npm/issues>
51 verbose exit [ 1, true ]
